<?xml version="1.0" encoding="UTF-8"?>
<testng-results skipped="0" failed="0" total="1" passed="1">
  <reporter-output>
  </reporter-output>
  <suite name="Default suite" duration-ms="349920" started-at="2019-12-18T10:43:41Z" finished-at="2019-12-18T10:49:31Z">
    <groups>
    </groups>
    <test name="Default test" duration-ms="349920" started-at="2019-12-18T10:43:41Z" finished-at="2019-12-18T10:49:31Z">
      <class name="newcountries.ScareenShotTaken">
        <test-method status="PASS" signature="captureScreenMethod()[pri:0, instance:newcountries.ScareenShotTaken@396a51ab]" name="captureScreenMethod" duration-ms="349908" started-at="2019-12-18T16:13:41Z" finished-at="2019-12-18T16:19:31Z">
          <reporter-output>
          </reporter-output>
        </test-method> <!-- captureScreenMethod -->
      </class> <!-- newcountries.ScareenShotTaken -->
    </test> <!-- Default test -->
  </suite> <!-- Default suite -->
</testng-results>
